Debug|Reading config...
Debug|Reading referenced images from 'C:\Source\AmazfitBipWatchFaces\PurpleReign-White\BinFiles'
Trace|Loading images for 2 'Background'
Trace|Loading images for 2.1 'Image'
Trace|Loading image 0...
Trace|File C:\Source\AmazfitBipWatchFaces\PurpleReign-White\BinFiles\0000.png doesn't exists.
Trace|Image was loaded from file C:\Source\AmazfitBipWatchFaces\PurpleReign-White\BinFiles\000.png
Warn|Dithering applied for an image. Resource in watch face will use only supported colors. You can't get back original image by unpacking watch face.
Trace|Loading images for 3 'Time'
Trace|Loading images for 3.1 'TwoDigits'
Trace|Loading images for 3.1.1 'ImageSet'
Trace|Loading image 1...
Trace|File C:\Source\AmazfitBipWatchFaces\PurpleReign-White\BinFiles\0300.png doesn't exists.
Trace|Image was loaded from file C:\Source\AmazfitBipWatchFaces\PurpleReign-White\BinFiles\300.png
Warn|Dithering applied for an image. Resource in watch face will use only supported colors. You can't get back original image by unpacking watch face.
Trace|Loading image 2...
Trace|File C:\Source\AmazfitBipWatchFaces\PurpleReign-White\BinFiles\0301.png doesn't exists.
Trace|Image was loaded from file C:\Source\AmazfitBipWatchFaces\PurpleReign-White\BinFiles\301.png
Warn|Dithering applied for an image. Resource in watch face will use only supported colors. You can't get back original image by unpacking watch face.
Trace|Loading image 3...
Trace|File C:\Source\AmazfitBipWatchFaces\PurpleReign-White\BinFiles\0302.png doesn't exists.
Trace|Image was loaded from file C:\Source\AmazfitBipWatchFaces\PurpleReign-White\BinFiles\302.png
Warn|Dithering applied for an image. Resource in watch face will use only supported colors. You can't get back original image by unpacking watch face.
Trace|Loading image 4...
Trace|File C:\Source\AmazfitBipWatchFaces\PurpleReign-White\BinFiles\0303.png doesn't exists.
Trace|Image was loaded from file C:\Source\AmazfitBipWatchFaces\PurpleReign-White\BinFiles\303.png
Warn|Dithering applied for an image. Resource in watch face will use only supported colors. You can't get back original image by unpacking watch face.
Trace|Loading image 5...
Trace|File C:\Source\AmazfitBipWatchFaces\PurpleReign-White\BinFiles\0304.png doesn't exists.
Trace|Image was loaded from file C:\Source\AmazfitBipWatchFaces\PurpleReign-White\BinFiles\304.png
Warn|Dithering applied for an image. Resource in watch face will use only supported colors. You can't get back original image by unpacking watch face.
Trace|Loading image 6...
Trace|File C:\Source\AmazfitBipWatchFaces\PurpleReign-White\BinFiles\0305.png doesn't exists.
Trace|Image was loaded from file C:\Source\AmazfitBipWatchFaces\PurpleReign-White\BinFiles\305.png
Warn|Dithering applied for an image. Resource in watch face will use only supported colors. You can't get back original image by unpacking watch face.
Trace|Loading image 7...
Trace|File C:\Source\AmazfitBipWatchFaces\PurpleReign-White\BinFiles\0306.png doesn't exists.
Trace|Image was loaded from file C:\Source\AmazfitBipWatchFaces\PurpleReign-White\BinFiles\306.png
Warn|Dithering applied for an image. Resource in watch face will use only supported colors. You can't get back original image by unpacking watch face.
Trace|Loading image 8...
Trace|File C:\Source\AmazfitBipWatchFaces\PurpleReign-White\BinFiles\0307.png doesn't exists.
Trace|Image was loaded from file C:\Source\AmazfitBipWatchFaces\PurpleReign-White\BinFiles\307.png
Warn|Dithering applied for an image. Resource in watch face will use only supported colors. You can't get back original image by unpacking watch face.
Trace|Loading image 9...
Trace|File C:\Source\AmazfitBipWatchFaces\PurpleReign-White\BinFiles\0308.png doesn't exists.
Trace|Image was loaded from file C:\Source\AmazfitBipWatchFaces\PurpleReign-White\BinFiles\308.png
Warn|Dithering applied for an image. Resource in watch face will use only supported colors. You can't get back original image by unpacking watch face.
Trace|Loading image 10...
Trace|File C:\Source\AmazfitBipWatchFaces\PurpleReign-White\BinFiles\0309.png doesn't exists.
Trace|Image was loaded from file C:\Source\AmazfitBipWatchFaces\PurpleReign-White\BinFiles\309.png
Warn|Dithering applied for an image. Resource in watch face will use only supported colors. You can't get back original image by unpacking watch face.
Trace|Loading images for 3.1.2 'ImageSet'
Trace|Loading images for 3.2 'TwoDigits'
Trace|Loading images for 3.2.1 'ImageSet'
Trace|Loading image 11...
Trace|File C:\Source\AmazfitBipWatchFaces\PurpleReign-White\BinFiles\0400.png doesn't exists.
Trace|Image was loaded from file C:\Source\AmazfitBipWatchFaces\PurpleReign-White\BinFiles\400.png
Warn|Dithering applied for an image. Resource in watch face will use only supported colors. You can't get back original image by unpacking watch face.
Trace|Loading image 12...
Trace|File C:\Source\AmazfitBipWatchFaces\PurpleReign-White\BinFiles\0401.png doesn't exists.
Trace|Image was loaded from file C:\Source\AmazfitBipWatchFaces\PurpleReign-White\BinFiles\401.png
Warn|Dithering applied for an image. Resource in watch face will use only supported colors. You can't get back original image by unpacking watch face.
Trace|Loading image 13...
Trace|File C:\Source\AmazfitBipWatchFaces\PurpleReign-White\BinFiles\0402.png doesn't exists.
Trace|Image was loaded from file C:\Source\AmazfitBipWatchFaces\PurpleReign-White\BinFiles\402.png
Warn|Dithering applied for an image. Resource in watch face will use only supported colors. You can't get back original image by unpacking watch face.
Trace|Loading image 14...
Trace|File C:\Source\AmazfitBipWatchFaces\PurpleReign-White\BinFiles\0403.png doesn't exists.
Trace|Image was loaded from file C:\Source\AmazfitBipWatchFaces\PurpleReign-White\BinFiles\403.png
Warn|Dithering applied for an image. Resource in watch face will use only supported colors. You can't get back original image by unpacking watch face.
Trace|Loading image 15...
Trace|File C:\Source\AmazfitBipWatchFaces\PurpleReign-White\BinFiles\0404.png doesn't exists.
Trace|Image was loaded from file C:\Source\AmazfitBipWatchFaces\PurpleReign-White\BinFiles\404.png
Warn|Dithering applied for an image. Resource in watch face will use only supported colors. You can't get back original image by unpacking watch face.
Trace|Loading image 16...
Trace|File C:\Source\AmazfitBipWatchFaces\PurpleReign-White\BinFiles\0405.png doesn't exists.
Trace|Image was loaded from file C:\Source\AmazfitBipWatchFaces\PurpleReign-White\BinFiles\405.png
Warn|Dithering applied for an image. Resource in watch face will use only supported colors. You can't get back original image by unpacking watch face.
Trace|Loading image 17...
Trace|File C:\Source\AmazfitBipWatchFaces\PurpleReign-White\BinFiles\0406.png doesn't exists.
Trace|Image was loaded from file C:\Source\AmazfitBipWatchFaces\PurpleReign-White\BinFiles\406.png
Warn|Dithering applied for an image. Resource in watch face will use only supported colors. You can't get back original image by unpacking watch face.
Trace|Loading image 18...
Trace|File C:\Source\AmazfitBipWatchFaces\PurpleReign-White\BinFiles\0407.png doesn't exists.
Trace|Image was loaded from file C:\Source\AmazfitBipWatchFaces\PurpleReign-White\BinFiles\407.png
Warn|Dithering applied for an image. Resource in watch face will use only supported colors. You can't get back original image by unpacking watch face.
Trace|Loading image 19...
Trace|File C:\Source\AmazfitBipWatchFaces\PurpleReign-White\BinFiles\0408.png doesn't exists.
Trace|Image was loaded from file C:\Source\AmazfitBipWatchFaces\PurpleReign-White\BinFiles\408.png
Warn|Dithering applied for an image. Resource in watch face will use only supported colors. You can't get back original image by unpacking watch face.
Trace|Loading image 20...
Trace|File C:\Source\AmazfitBipWatchFaces\PurpleReign-White\BinFiles\0409.png doesn't exists.
Trace|Image was loaded from file C:\Source\AmazfitBipWatchFaces\PurpleReign-White\BinFiles\409.png
Warn|Dithering applied for an image. Resource in watch face will use only supported colors. You can't get back original image by unpacking watch face.
Trace|Loading images for 3.2.2 'ImageSet'
Trace|Loading images for 3.4 'AmPm'
Trace|Loading image 21...
Trace|File C:\Source\AmazfitBipWatchFaces\PurpleReign-White\BinFiles\0100.png doesn't exists.
Trace|Image was loaded from file C:\Source\AmazfitBipWatchFaces\PurpleReign-White\BinFiles\100.png
Trace|Loading images for 4 'Activity'
Trace|Loading images for 4.1 'Number'
Trace|Loading images for 4.1.5 'TextAlignment'
Trace|Loading image 22...
Trace|File C:\Source\AmazfitBipWatchFaces\PurpleReign-White\BinFiles\0600.png doesn't exists.
Trace|Image was loaded from file C:\Source\AmazfitBipWatchFaces\PurpleReign-White\BinFiles\600.png
Warn|Dithering applied for an image. Resource in watch face will use only supported colors. You can't get back original image by unpacking watch face.
Trace|Loading image 23...
Trace|File C:\Source\AmazfitBipWatchFaces\PurpleReign-White\BinFiles\0601.png doesn't exists.
Trace|Image was loaded from file C:\Source\AmazfitBipWatchFaces\PurpleReign-White\BinFiles\601.png
Warn|Dithering applied for an image. Resource in watch face will use only supported colors. You can't get back original image by unpacking watch face.
Trace|Loading image 24...
Trace|File C:\Source\AmazfitBipWatchFaces\PurpleReign-White\BinFiles\0602.png doesn't exists.
Trace|Image was loaded from file C:\Source\AmazfitBipWatchFaces\PurpleReign-White\BinFiles\602.png
Warn|Dithering applied for an image. Resource in watch face will use only supported colors. You can't get back original image by unpacking watch face.
Trace|Loading image 25...
Trace|File C:\Source\AmazfitBipWatchFaces\PurpleReign-White\BinFiles\0603.png doesn't exists.
Trace|Image was loaded from file C:\Source\AmazfitBipWatchFaces\PurpleReign-White\BinFiles\603.png
Warn|Dithering applied for an image. Resource in watch face will use only supported colors. You can't get back original image by unpacking watch face.
Trace|Loading image 26...
Trace|File C:\Source\AmazfitBipWatchFaces\PurpleReign-White\BinFiles\0604.png doesn't exists.
Trace|Image was loaded from file C:\Source\AmazfitBipWatchFaces\PurpleReign-White\BinFiles\604.png
Warn|Dithering applied for an image. Resource in watch face will use only supported colors. You can't get back original image by unpacking watch face.
Trace|Loading image 27...
Trace|File C:\Source\AmazfitBipWatchFaces\PurpleReign-White\BinFiles\0605.png doesn't exists.
Trace|Image was loaded from file C:\Source\AmazfitBipWatchFaces\PurpleReign-White\BinFiles\605.png
Warn|Dithering applied for an image. Resource in watch face will use only supported colors. You can't get back original image by unpacking watch face.
Trace|Loading image 28...
Trace|File C:\Source\AmazfitBipWatchFaces\PurpleReign-White\BinFiles\0606.png doesn't exists.
Trace|Image was loaded from file C:\Source\AmazfitBipWatchFaces\PurpleReign-White\BinFiles\606.png
Warn|Dithering applied for an image. Resource in watch face will use only supported colors. You can't get back original image by unpacking watch face.
Trace|Loading image 29...
Trace|File C:\Source\AmazfitBipWatchFaces\PurpleReign-White\BinFiles\0607.png doesn't exists.
Trace|Image was loaded from file C:\Source\AmazfitBipWatchFaces\PurpleReign-White\BinFiles\607.png
Warn|Dithering applied for an image. Resource in watch face will use only supported colors. You can't get back original image by unpacking watch face.
Trace|Loading image 30...
Trace|File C:\Source\AmazfitBipWatchFaces\PurpleReign-White\BinFiles\0608.png doesn't exists.
Trace|Image was loaded from file C:\Source\AmazfitBipWatchFaces\PurpleReign-White\BinFiles\608.png
Warn|Dithering applied for an image. Resource in watch face will use only supported colors. You can't get back original image by unpacking watch face.
Trace|Loading image 31...
Trace|File C:\Source\AmazfitBipWatchFaces\PurpleReign-White\BinFiles\0609.png doesn't exists.
Trace|Image was loaded from file C:\Source\AmazfitBipWatchFaces\PurpleReign-White\BinFiles\609.png
Warn|Dithering applied for an image. Resource in watch face will use only supported colors. You can't get back original image by unpacking watch face.
Trace|Loading images for 4.3 'Number'
Trace|Loading images for 4.3.5 'TextAlignment'
Trace|Loading images for 5 'Date'
Trace|Loading images for 5.1 'MonthAndDay'
Trace|Loading images for 5.1.1 'SeparateMonthAndDay'
Trace|Loading images for 5.1.1.3 'Number'
Trace|Loading images for 5.1.1.3.5 'TextAlignment'
Trace|Loading image 32...
Trace|File C:\Source\AmazfitBipWatchFaces\PurpleReign-White\BinFiles\0500.png doesn't exists.
Trace|Image was loaded from file C:\Source\AmazfitBipWatchFaces\PurpleReign-White\BinFiles\500.png
Warn|Dithering applied for an image. Resource in watch face will use only supported colors. You can't get back original image by unpacking watch face.
Trace|Loading image 33...
Trace|File C:\Source\AmazfitBipWatchFaces\PurpleReign-White\BinFiles\0501.png doesn't exists.
Trace|Image was loaded from file C:\Source\AmazfitBipWatchFaces\PurpleReign-White\BinFiles\501.png
Warn|Dithering applied for an image. Resource in watch face will use only supported colors. You can't get back original image by unpacking watch face.
Trace|Loading image 34...
Trace|File C:\Source\AmazfitBipWatchFaces\PurpleReign-White\BinFiles\0502.png doesn't exists.
Trace|Image was loaded from file C:\Source\AmazfitBipWatchFaces\PurpleReign-White\BinFiles\502.png
Warn|Dithering applied for an image. Resource in watch face will use only supported colors. You can't get back original image by unpacking watch face.
Trace|Loading image 35...
Trace|File C:\Source\AmazfitBipWatchFaces\PurpleReign-White\BinFiles\0503.png doesn't exists.
Trace|Image was loaded from file C:\Source\AmazfitBipWatchFaces\PurpleReign-White\BinFiles\503.png
Warn|Dithering applied for an image. Resource in watch face will use only supported colors. You can't get back original image by unpacking watch face.
Trace|Loading image 36...
Trace|File C:\Source\AmazfitBipWatchFaces\PurpleReign-White\BinFiles\0504.png doesn't exists.
Trace|Image was loaded from file C:\Source\AmazfitBipWatchFaces\PurpleReign-White\BinFiles\504.png
Warn|Dithering applied for an image. Resource in watch face will use only supported colors. You can't get back original image by unpacking watch face.
Trace|Loading image 37...
Trace|File C:\Source\AmazfitBipWatchFaces\PurpleReign-White\BinFiles\0505.png doesn't exists.
Trace|Image was loaded from file C:\Source\AmazfitBipWatchFaces\PurpleReign-White\BinFiles\505.png
Warn|Dithering applied for an image. Resource in watch face will use only supported colors. You can't get back original image by unpacking watch face.
Trace|Loading image 38...
Trace|File C:\Source\AmazfitBipWatchFaces\PurpleReign-White\BinFiles\0506.png doesn't exists.
Trace|Image was loaded from file C:\Source\AmazfitBipWatchFaces\PurpleReign-White\BinFiles\506.png
Warn|Dithering applied for an image. Resource in watch face will use only supported colors. You can't get back original image by unpacking watch face.
Trace|Loading image 39...
Trace|File C:\Source\AmazfitBipWatchFaces\PurpleReign-White\BinFiles\0507.png doesn't exists.
Trace|Image was loaded from file C:\Source\AmazfitBipWatchFaces\PurpleReign-White\BinFiles\507.png
Warn|Dithering applied for an image. Resource in watch face will use only supported colors. You can't get back original image by unpacking watch face.
Trace|Loading image 40...
Trace|File C:\Source\AmazfitBipWatchFaces\PurpleReign-White\BinFiles\0508.png doesn't exists.
Trace|Image was loaded from file C:\Source\AmazfitBipWatchFaces\PurpleReign-White\BinFiles\508.png
Warn|Dithering applied for an image. Resource in watch face will use only supported colors. You can't get back original image by unpacking watch face.
Trace|Loading image 41...
Trace|File C:\Source\AmazfitBipWatchFaces\PurpleReign-White\BinFiles\0509.png doesn't exists.
Trace|Image was loaded from file C:\Source\AmazfitBipWatchFaces\PurpleReign-White\BinFiles\509.png
Warn|Dithering applied for an image. Resource in watch face will use only supported colors. You can't get back original image by unpacking watch face.
Trace|Loading images for 5.1.3 'Boolean'
Trace|Loading images for 5.1.4 'Boolean'
Trace|Loading images for 5.2 'ImageSet'
Trace|Loading image 42...
Trace|File C:\Source\AmazfitBipWatchFaces\PurpleReign-White\BinFiles\0104.png doesn't exists.
Trace|Image was loaded from file C:\Source\AmazfitBipWatchFaces\PurpleReign-White\BinFiles\104.png
Warn|Dithering applied for an image. Resource in watch face will use only supported colors. You can't get back original image by unpacking watch face.
Trace|Loading image 43...
Trace|File C:\Source\AmazfitBipWatchFaces\PurpleReign-White\BinFiles\0105.png doesn't exists.
Trace|Image was loaded from file C:\Source\AmazfitBipWatchFaces\PurpleReign-White\BinFiles\105.png
Warn|Dithering applied for an image. Resource in watch face will use only supported colors. You can't get back original image by unpacking watch face.
Trace|Loading image 44...
Trace|File C:\Source\AmazfitBipWatchFaces\PurpleReign-White\BinFiles\0106.png doesn't exists.
Trace|Image was loaded from file C:\Source\AmazfitBipWatchFaces\PurpleReign-White\BinFiles\106.png
Warn|Dithering applied for an image. Resource in watch face will use only supported colors. You can't get back original image by unpacking watch face.
Trace|Loading image 45...
Trace|File C:\Source\AmazfitBipWatchFaces\PurpleReign-White\BinFiles\0107.png doesn't exists.
Trace|Image was loaded from file C:\Source\AmazfitBipWatchFaces\PurpleReign-White\BinFiles\107.png
Warn|Dithering applied for an image. Resource in watch face will use only supported colors. You can't get back original image by unpacking watch face.
Trace|Loading image 46...
Trace|File C:\Source\AmazfitBipWatchFaces\PurpleReign-White\BinFiles\0108.png doesn't exists.
Trace|Image was loaded from file C:\Source\AmazfitBipWatchFaces\PurpleReign-White\BinFiles\108.png
Warn|Dithering applied for an image. Resource in watch face will use only supported colors. You can't get back original image by unpacking watch face.
Trace|Loading image 47...
Trace|File C:\Source\AmazfitBipWatchFaces\PurpleReign-White\BinFiles\0109.png doesn't exists.
Trace|Image was loaded from file C:\Source\AmazfitBipWatchFaces\PurpleReign-White\BinFiles\109.png
Warn|Dithering applied for an image. Resource in watch face will use only supported colors. You can't get back original image by unpacking watch face.
Trace|Loading image 48...
Trace|File C:\Source\AmazfitBipWatchFaces\PurpleReign-White\BinFiles\0110.png doesn't exists.
Trace|Image was loaded from file C:\Source\AmazfitBipWatchFaces\PurpleReign-White\BinFiles\110.png
Warn|Dithering applied for an image. Resource in watch face will use only supported colors. You can't get back original image by unpacking watch face.
Trace|Loading images for 6 'Weather'
Trace|Loading images for 6.1 'WeatherIcon'
Trace|Loading images for 6.1.2 'CustomWeatherIcon'
Trace|Loading image 49...
Trace|File C:\Source\AmazfitBipWatchFaces\PurpleReign-White\BinFiles\0267.png doesn't exists.
Trace|Image was loaded from file C:\Source\AmazfitBipWatchFaces\PurpleReign-White\BinFiles\267.png
Trace|Loading image 50...
Trace|File C:\Source\AmazfitBipWatchFaces\PurpleReign-White\BinFiles\0268.png doesn't exists.
Trace|Image was loaded from file C:\Source\AmazfitBipWatchFaces\PurpleReign-White\BinFiles\268.png
Trace|Loading image 51...
Trace|File C:\Source\AmazfitBipWatchFaces\PurpleReign-White\BinFiles\0269.png doesn't exists.
Trace|Image was loaded from file C:\Source\AmazfitBipWatchFaces\PurpleReign-White\BinFiles\269.png
Trace|Loading image 52...
Trace|File C:\Source\AmazfitBipWatchFaces\PurpleReign-White\BinFiles\0270.png doesn't exists.
Trace|Image was loaded from file C:\Source\AmazfitBipWatchFaces\PurpleReign-White\BinFiles\270.png
Trace|Loading image 53...
Trace|File C:\Source\AmazfitBipWatchFaces\PurpleReign-White\BinFiles\0271.png doesn't exists.
Trace|Image was loaded from file C:\Source\AmazfitBipWatchFaces\PurpleReign-White\BinFiles\271.png
Trace|Loading image 54...
Trace|File C:\Source\AmazfitBipWatchFaces\PurpleReign-White\BinFiles\0272.png doesn't exists.
Trace|Image was loaded from file C:\Source\AmazfitBipWatchFaces\PurpleReign-White\BinFiles\272.png
Trace|Loading image 55...
Trace|File C:\Source\AmazfitBipWatchFaces\PurpleReign-White\BinFiles\0273.png doesn't exists.
Trace|Image was loaded from file C:\Source\AmazfitBipWatchFaces\PurpleReign-White\BinFiles\273.png
Trace|Loading image 56...
Trace|File C:\Source\AmazfitBipWatchFaces\PurpleReign-White\BinFiles\0274.png doesn't exists.
Trace|Image was loaded from file C:\Source\AmazfitBipWatchFaces\PurpleReign-White\BinFiles\274.png
Trace|Loading image 57...
Trace|File C:\Source\AmazfitBipWatchFaces\PurpleReign-White\BinFiles\0275.png doesn't exists.
Trace|Image was loaded from file C:\Source\AmazfitBipWatchFaces\PurpleReign-White\BinFiles\275.png
Trace|Loading image 58...
Trace|File C:\Source\AmazfitBipWatchFaces\PurpleReign-White\BinFiles\0276.png doesn't exists.
Trace|Image was loaded from file C:\Source\AmazfitBipWatchFaces\PurpleReign-White\BinFiles\276.png
Trace|Loading image 59...
Trace|File C:\Source\AmazfitBipWatchFaces\PurpleReign-White\BinFiles\0277.png doesn't exists.
Trace|Image was loaded from file C:\Source\AmazfitBipWatchFaces\PurpleReign-White\BinFiles\277.png
Trace|Loading image 60...
Trace|File C:\Source\AmazfitBipWatchFaces\PurpleReign-White\BinFiles\0278.png doesn't exists.
Trace|Image was loaded from file C:\Source\AmazfitBipWatchFaces\PurpleReign-White\BinFiles\278.png
Trace|Loading image 61...
Trace|File C:\Source\AmazfitBipWatchFaces\PurpleReign-White\BinFiles\0279.png doesn't exists.
Trace|Image was loaded from file C:\Source\AmazfitBipWatchFaces\PurpleReign-White\BinFiles\279.png
Trace|Loading image 62...
Trace|File C:\Source\AmazfitBipWatchFaces\PurpleReign-White\BinFiles\0280.png doesn't exists.
Trace|Image was loaded from file C:\Source\AmazfitBipWatchFaces\PurpleReign-White\BinFiles\280.png
Trace|Loading image 63...
Trace|File C:\Source\AmazfitBipWatchFaces\PurpleReign-White\BinFiles\0281.png doesn't exists.
Trace|Image was loaded from file C:\Source\AmazfitBipWatchFaces\PurpleReign-White\BinFiles\281.png
Trace|Loading image 64...
Trace|File C:\Source\AmazfitBipWatchFaces\PurpleReign-White\BinFiles\0282.png doesn't exists.
Trace|Image was loaded from file C:\Source\AmazfitBipWatchFaces\PurpleReign-White\BinFiles\282.png
Trace|Loading image 65...
Trace|File C:\Source\AmazfitBipWatchFaces\PurpleReign-White\BinFiles\0283.png doesn't exists.
Trace|Image was loaded from file C:\Source\AmazfitBipWatchFaces\PurpleReign-White\BinFiles\283.png
Trace|Loading image 66...
Trace|File C:\Source\AmazfitBipWatchFaces\PurpleReign-White\BinFiles\0284.png doesn't exists.
Trace|Image was loaded from file C:\Source\AmazfitBipWatchFaces\PurpleReign-White\BinFiles\284.png
Trace|Loading image 67...
Trace|File C:\Source\AmazfitBipWatchFaces\PurpleReign-White\BinFiles\0285.png doesn't exists.
Trace|Image was loaded from file C:\Source\AmazfitBipWatchFaces\PurpleReign-White\BinFiles\285.png
Trace|Loading image 68...
Trace|File C:\Source\AmazfitBipWatchFaces\PurpleReign-White\BinFiles\0286.png doesn't exists.
Trace|Image was loaded from file C:\Source\AmazfitBipWatchFaces\PurpleReign-White\BinFiles\286.png
Trace|Loading image 69...
Trace|File C:\Source\AmazfitBipWatchFaces\PurpleReign-White\BinFiles\0287.png doesn't exists.
Trace|Image was loaded from file C:\Source\AmazfitBipWatchFaces\PurpleReign-White\BinFiles\287.png
Trace|Loading image 70...
Trace|File C:\Source\AmazfitBipWatchFaces\PurpleReign-White\BinFiles\0288.png doesn't exists.
Trace|Image was loaded from file C:\Source\AmazfitBipWatchFaces\PurpleReign-White\BinFiles\288.png
Trace|Loading image 71...
Trace|File C:\Source\AmazfitBipWatchFaces\PurpleReign-White\BinFiles\0289.png doesn't exists.
Trace|Image was loaded from file C:\Source\AmazfitBipWatchFaces\PurpleReign-White\BinFiles\289.png
Trace|Loading image 72...
Trace|File C:\Source\AmazfitBipWatchFaces\PurpleReign-White\BinFiles\0290.png doesn't exists.
Trace|Image was loaded from file C:\Source\AmazfitBipWatchFaces\PurpleReign-White\BinFiles\290.png
Trace|Loading image 73...
Trace|File C:\Source\AmazfitBipWatchFaces\PurpleReign-White\BinFiles\0291.png doesn't exists.
Trace|Image was loaded from file C:\Source\AmazfitBipWatchFaces\PurpleReign-White\BinFiles\291.png
Trace|Loading image 74...
Trace|File C:\Source\AmazfitBipWatchFaces\PurpleReign-White\BinFiles\0292.png doesn't exists.
Trace|Image was loaded from file C:\Source\AmazfitBipWatchFaces\PurpleReign-White\BinFiles\292.png
Trace|Loading images for 6.2 'Temperature'
Trace|Loading images for 6.2.1 'TemperatureNumber'
Trace|Loading images for 6.2.1.1 'Number'
Trace|Loading images for 6.2.1.1.5 'TextAlignment'
Trace|Loading image 75...
Trace|File C:\Source\AmazfitBipWatchFaces\PurpleReign-White\BinFiles\0103.png doesn't exists.
Trace|Image was loaded from file C:\Source\AmazfitBipWatchFaces\PurpleReign-White\BinFiles\103.png
Warn|Dithering applied for an image. Resource in watch face will use only supported colors. You can't get back original image by unpacking watch face.
Trace|Loading image 76...
Trace|File C:\Source\AmazfitBipWatchFaces\PurpleReign-White\BinFiles\0102.png doesn't exists.
Trace|Image was loaded from file C:\Source\AmazfitBipWatchFaces\PurpleReign-White\BinFiles\102.png
Warn|Dithering applied for an image. Resource in watch face will use only supported colors. You can't get back original image by unpacking watch face.
Trace|Loading images for 6.2.2 'TodayTemperature'
Trace|Loading images for 6.2.2.1 'SeparateTemperature'
Trace|Loading images for 6.2.2.1.1 'TemperatureNumber'
Trace|Loading images for 6.2.2.1.1.1 'Number'
Trace|Loading images for 6.2.2.1.1.1.5 'TextAlignment'
Trace|Loading image 77...
Trace|File C:\Source\AmazfitBipWatchFaces\PurpleReign-White\BinFiles\0610.png doesn't exists.
Trace|Image was loaded from file C:\Source\AmazfitBipWatchFaces\PurpleReign-White\BinFiles\610.png
Warn|Dithering applied for an image. Resource in watch face will use only supported colors. You can't get back original image by unpacking watch face.
Trace|Loading images for 6.2.2.1.2 'TemperatureNumber'
Trace|Loading images for 6.2.2.1.2.1 'Number'
Trace|Loading images for 6.2.2.1.2.1.5 'TextAlignment'
Trace|Loading images for 8 'Status'
Trace|Loading images for 8.1 'Switch'
Trace|Loading images for 8.1.1 'Coordinates'
Trace|Loading image 78...
Trace|File C:\Source\AmazfitBipWatchFaces\PurpleReign-White\BinFiles\0220.png doesn't exists.
Trace|Image was loaded from file C:\Source\AmazfitBipWatchFaces\PurpleReign-White\BinFiles\220.png
Warn|Dithering applied for an image. Resource in watch face will use only supported colors. You can't get back original image by unpacking watch face.
Trace|Loading image 79...
Trace|File C:\Source\AmazfitBipWatchFaces\PurpleReign-White\BinFiles\0221.png doesn't exists.
Trace|Image was loaded from file C:\Source\AmazfitBipWatchFaces\PurpleReign-White\BinFiles\221.png
Warn|Dithering applied for an image. Resource in watch face will use only supported colors. You can't get back original image by unpacking watch face.
Trace|Loading images for 8.2 'Switch'
Trace|Loading images for 8.2.1 'Coordinates'
Trace|Loading image 80...
Trace|File C:\Source\AmazfitBipWatchFaces\PurpleReign-White\BinFiles\0223.png doesn't exists.
Trace|Image was loaded from file C:\Source\AmazfitBipWatchFaces\PurpleReign-White\BinFiles\223.png
Trace|Loading images for 8.4 'Switch'
Trace|Loading images for 8.4.1 'Coordinates'
Trace|Loading image 81...
Trace|File C:\Source\AmazfitBipWatchFaces\PurpleReign-White\BinFiles\0222.png doesn't exists.
Trace|Image was loaded from file C:\Source\AmazfitBipWatchFaces\PurpleReign-White\BinFiles\222.png
Trace|Loading images for 9 'Battery'
Trace|Loading images for 9.2 'ImageSet'
Trace|Loading image 82...
Trace|File C:\Source\AmazfitBipWatchFaces\PurpleReign-White\BinFiles\0225.png doesn't exists.
Trace|Image was loaded from file C:\Source\AmazfitBipWatchFaces\PurpleReign-White\BinFiles\225.png
Trace|Loading image 83...
Trace|File C:\Source\AmazfitBipWatchFaces\PurpleReign-White\BinFiles\0226.png doesn't exists.
Trace|Image was loaded from file C:\Source\AmazfitBipWatchFaces\PurpleReign-White\BinFiles\226.png
Trace|Loading image 84...
Trace|File C:\Source\AmazfitBipWatchFaces\PurpleReign-White\BinFiles\0227.png doesn't exists.
Trace|Image was loaded from file C:\Source\AmazfitBipWatchFaces\PurpleReign-White\BinFiles\227.png
Trace|Loading image 85...
Trace|File C:\Source\AmazfitBipWatchFaces\PurpleReign-White\BinFiles\0228.png doesn't exists.
Trace|Image was loaded from file C:\Source\AmazfitBipWatchFaces\PurpleReign-White\BinFiles\228.png
Warn|Dithering applied for an image. Resource in watch face will use only supported colors. You can't get back original image by unpacking watch face.
Trace|Loading image 86...
Trace|File C:\Source\AmazfitBipWatchFaces\PurpleReign-White\BinFiles\0229.png doesn't exists.
Trace|Image was loaded from file C:\Source\AmazfitBipWatchFaces\PurpleReign-White\BinFiles\229.png
Warn|Dithering applied for an image. Resource in watch face will use only supported colors. You can't get back original image by unpacking watch face.
Trace|Loading image 87...
Trace|File C:\Source\AmazfitBipWatchFaces\PurpleReign-White\BinFiles\0230.png doesn't exists.
Trace|Image was loaded from file C:\Source\AmazfitBipWatchFaces\PurpleReign-White\BinFiles\230.png
Warn|Dithering applied for an image. Resource in watch face will use only supported colors. You can't get back original image by unpacking watch face.
Trace|Building parameters for watch face...
Trace|2 'Background'
Trace|2.1 'Image'
Trace|2.1.1 'X': 0
Trace|2.1.2 'Y': 0
Trace|2.1.3 'ImageIndex': 0
Trace|3 'Time'
Trace|3.1 'TwoDigits'
Trace|3.1.1 'ImageSet'
Trace|3.1.1.1 'X': 12
Trace|3.1.1.2 'Y': 56
Trace|3.1.1.3 'ImageIndex': 1
Trace|3.1.1.4 'ImagesCount': 10
Trace|3.1.2 'ImageSet'
Trace|3.1.2.1 'X': 51
Trace|3.1.2.2 'Y': 56
Trace|3.1.2.3 'ImageIndex': 1
Trace|3.1.2.4 'ImagesCount': 10
Trace|3.2 'TwoDigits'
Trace|3.2.1 'ImageSet'
Trace|3.2.1.1 'X': 98
Trace|3.2.1.2 'Y': 50
Trace|3.2.1.3 'ImageIndex': 11
Trace|3.2.1.4 'ImagesCount': 10
Trace|3.2.2 'ImageSet'
Trace|3.2.2.1 'X': 124
Trace|3.2.2.2 'Y': 50
Trace|3.2.2.3 'ImageIndex': 11
Trace|3.2.2.4 'ImagesCount': 10
Trace|3.4 'AmPm'
Trace|3.4.1 'X': 1
Trace|3.4.2 'Y': 1
Trace|3.4.3 'ImageIndexAm': 21
Trace|3.4.4 'ImageIndexPm': 21
Trace|4 'Activity'
Trace|4.1 'Number'
Trace|4.1.1 'TopLeftX': 104
Trace|4.1.2 'TopLeftY': 133
Trace|4.1.3 'BottomRightX': 146
Trace|4.1.4 'BottomRightY': 142
Trace|4.1.5 'Alignment': 20
Trace|4.1.6 'Spacing': 2
Trace|4.1.7 'ImageIndex': 22
Trace|4.1.8 'ImagesCount': 10
Trace|4.3 'Number'
Trace|4.3.1 'TopLeftX': 113
Trace|4.3.2 'TopLeftY': 157
Trace|4.3.3 'BottomRightX': 146
Trace|4.3.4 'BottomRightY': 166
Trace|4.3.5 'Alignment': 20
Trace|4.3.6 'Spacing': 2
Trace|4.3.7 'ImageIndex': 22
Trace|4.3.8 'ImagesCount': 10
Trace|5 'Date'
Trace|5.1 'MonthAndDay'
Trace|5.1.1 'SeparateMonthAndDay'
Trace|5.1.1.3 'Number'
Trace|5.1.1.3.1 'TopLeftX': 136
Trace|5.1.1.3.2 'TopLeftY': 95
Trace|5.1.1.3.3 'BottomRightX': 163
Trace|5.1.1.3.4 'BottomRightY': 105
Trace|5.1.1.3.5 'Alignment': 20
Trace|5.1.1.3.6 'Spacing': 0
Trace|5.1.1.3.7 'ImageIndex': 32
Trace|5.1.1.3.8 'ImagesCount': 10
Trace|5.1.3 'TwoDigitsMonth': 1
Trace|5.1.4 'TwoDigitsDay': 1
Trace|5.2 'ImageSet'
Trace|5.2.1 'X': 98
Trace|5.2.2 'Y': 99
Trace|5.2.3 'ImageIndex': 42
Trace|5.2.4 'ImagesCount': 7
Trace|6 'Weather'
Trace|6.1 'WeatherIcon'
Trace|6.1.2 'CustomWeatherIcon'
Trace|6.1.2.1 'X': 3
Trace|6.1.2.2 'Y': 12
Trace|6.1.2.3 'ImageIndex': 49
Trace|6.1.2.4 'ImagesCount': 26
Trace|6.2 'Temperature'
Trace|6.2.1 'TemperatureNumber'
Trace|6.2.1.1 'Number'
Trace|6.2.1.1.1 'TopLeftX': 17
Trace|6.2.1.1.2 'TopLeftY': 144
Trace|6.2.1.1.3 'BottomRightX': 50
Trace|6.2.1.1.4 'BottomRightY': 153
Trace|6.2.1.1.5 'Alignment': 20
Trace|6.2.1.1.6 'Spacing': 0
Trace|6.2.1.1.7 'ImageIndex': 32
Trace|6.2.1.1.8 'ImagesCount': 10
Trace|6.2.1.2 'MinusImageIndex': 75
Trace|6.2.1.3 'DegreesImageIndex': 76
Trace|6.2.2 'TodayTemperature'
Trace|6.2.2.1 'SeparateTemperature'
Trace|6.2.2.1.1 'TemperatureNumber'
Trace|6.2.2.1.1.1 'Number'
Trace|6.2.2.1.1.1.1 'TopLeftX': 39
Trace|6.2.2.1.1.1.2 'TopLeftY': 14
Trace|6.2.2.1.1.1.3 'BottomRightX': 70
Trace|6.2.2.1.1.1.4 'BottomRightY': 25
Trace|6.2.2.1.1.1.5 'Alignment': 20
Trace|6.2.2.1.1.1.6 'Spacing': 0
Trace|6.2.2.1.1.1.7 'ImageIndex': 22
Trace|6.2.2.1.1.1.8 'ImagesCount': 10
Trace|6.2.2.1.1.2 'MinusImageIndex': 77
Trace|6.2.2.1.1.3 'DegreesImageIndex': 21
Trace|6.2.2.1.2 'TemperatureNumber'
Trace|6.2.2.1.2.1 'Number'
Trace|6.2.2.1.2.1.1 'TopLeftX': 72
Trace|6.2.2.1.2.1.2 'TopLeftY': 30
Trace|6.2.2.1.2.1.3 'BottomRightX': 105
Trace|6.2.2.1.2.1.4 'BottomRightY': 39
Trace|6.2.2.1.2.1.5 'Alignment': 18
Trace|6.2.2.1.2.1.6 'Spacing': 0
Trace|6.2.2.1.2.1.7 'ImageIndex': 22
Trace|6.2.2.1.2.1.8 'ImagesCount': 10
Trace|6.2.2.1.2.2 'MinusImageIndex': 77
Trace|6.2.2.1.2.3 'DegreesImageIndex': 21
Trace|8 'Status'
Trace|8.1 'Switch'
Trace|8.1.1 'Coordinates'
Trace|8.1.1.1 'X': 131
Trace|8.1.1.2 'Y': 8
Trace|8.1.2 'ImageIndexOn': 78
Trace|8.1.3 'ImageIndexOff': 79
Trace|8.2 'Switch'
Trace|8.2.1 'Coordinates'
Trace|8.2.1.1 'X': 117
Trace|8.2.1.2 'Y': 5
Trace|8.2.2 'ImageIndexOn': 80
Trace|8.4 'Switch'
Trace|8.4.1 'Coordinates'
Trace|8.4.1.1 'X': 117
Trace|8.4.1.2 'Y': 21
Trace|8.4.2 'ImageIndexOn': 81
Trace|9 'Battery'
Trace|9.2 'ImageSet'
Trace|9.2.1 'X': 161
Trace|9.2.2 'Y': 5
Trace|9.2.3 'ImageIndex': 82
Trace|9.2.4 'ImagesCount': 6
Debug|Generating previews...
Debug|Writing watch face to 'C:\Source\AmazfitBipWatchFaces\PurpleReign-White\BinFiles\watchface_packed.bin'
Trace|Encoding parameters...
Trace|Parameter: 2
Trace|1 (0A):
Trace|    1 (08): 0 (00)
Trace|    2 (10): 0 (00)
Trace|    3 (18): 0 (00)
Trace|8 bytes
Trace|Parameter: 3
Trace|1 (0A):
Trace|    1 (0A):
Trace|        1 (08): 12 (0C)
Trace|        2 (10): 56 (38)
Trace|        3 (18): 1 (01)
Trace|        4 (20): 10 (0A)
Trace|    10 bytes
Trace|    2 (12):
Trace|        1 (08): 51 (33)
Trace|        2 (10): 56 (38)
Trace|        3 (18): 1 (01)
Trace|        4 (20): 10 (0A)
Trace|    10 bytes
Trace|22 bytes
Trace|2 (12):
Trace|    1 (0A):
Trace|        1 (08): 98 (62)
Trace|        2 (10): 50 (32)
Trace|        3 (18): 11 (0B)
Trace|        4 (20): 10 (0A)
Trace|    10 bytes
Trace|    2 (12):
Trace|        1 (08): 124 (7C)
Trace|        2 (10): 50 (32)
Trace|        3 (18): 11 (0B)
Trace|        4 (20): 10 (0A)
Trace|    10 bytes
Trace|22 bytes
Trace|4 (22):
Trace|    1 (08): 1 (01)
Trace|    2 (10): 1 (01)
Trace|    3 (18): 21 (15)
Trace|    4 (20): 21 (15)
Trace|10 bytes
Trace|Parameter: 4
Trace|1 (0A):
Trace|    1 (08): 104 (68)
Trace|    2 (10): 133 (85)
Trace|    3 (18): 146 (92)
Trace|    4 (20): 142 (8E)
Trace|    5 (28): 20 (14)
Trace|    6 (30): 2 (02)
Trace|    7 (38): 22 (16)
Trace|    8 (40): 10 (0A)
Trace|21 bytes
Trace|3 (1A):
Trace|    1 (08): 113 (71)
Trace|    2 (10): 157 (9D)
Trace|    3 (18): 146 (92)
Trace|    4 (20): 166 (A6)
Trace|    5 (28): 20 (14)
Trace|    6 (30): 2 (02)
Trace|    7 (38): 22 (16)
Trace|    8 (40): 10 (0A)
Trace|21 bytes
Trace|Parameter: 5
Trace|1 (0A):
Trace|    1 (0A):
Trace|        3 (1A):
Trace|            1 (08): 136 (88)
Trace|            2 (10): 95 (5F)
Trace|            3 (18): 163 (A3)
Trace|            4 (20): 105 (69)
Trace|            5 (28): 20 (14)
Trace|            6 (30): 0 (00)
Trace|            7 (38): 32 (20)
Trace|            8 (40): 10 (0A)
Trace|        20 bytes
Trace|    22 bytes
Trace|    3 (18): 1 (01)
Trace|    4 (20): 1 (01)
Trace|28 bytes
Trace|2 (12):
Trace|    1 (08): 98 (62)
Trace|    2 (10): 99 (63)
Trace|    3 (18): 42 (2A)
Trace|    4 (20): 7 (07)
Trace|10 bytes
Trace|Parameter: 6
Trace|1 (0A):
Trace|    2 (12):
Trace|        1 (08): 3 (03)
Trace|        2 (10): 12 (0C)
Trace|        3 (18): 49 (31)
Trace|        4 (20): 26 (1A)
Trace|    10 bytes
Trace|12 bytes
Trace|2 (12):
Trace|    1 (0A):
Trace|        1 (0A):
Trace|            1 (08): 17 (11)
Trace|            2 (10): 144 (90)
Trace|            3 (18): 50 (32)
Trace|            4 (20): 153 (99)
Trace|            5 (28): 20 (14)
Trace|            6 (30): 0 (00)
Trace|            7 (38): 32 (20)
Trace|            8 (40): 10 (0A)
Trace|        20 bytes
Trace|        2 (10): 75 (4B)
Trace|        3 (18): 76 (4C)
Trace|    26 bytes
Trace|    2 (12):
Trace|        1 (0A):
Trace|            1 (0A):
Trace|                1 (0A):
Trace|                    1 (08): 39 (27)
Trace|                    2 (10): 14 (0E)
Trace|                    3 (18): 70 (46)
Trace|                    4 (20): 25 (19)
Trace|                    5 (28): 20 (14)
Trace|                    6 (30): 0 (00)
Trace|                    7 (38): 22 (16)
Trace|                    8 (40): 10 (0A)
Trace|                18 bytes
Trace|                2 (10): 77 (4D)
Trace|                3 (18): 21 (15)
Trace|            24 bytes
Trace|            2 (12):
Trace|                1 (0A):
Trace|                    1 (08): 72 (48)
Trace|                    2 (10): 30 (1E)
Trace|                    3 (18): 105 (69)
Trace|                    4 (20): 39 (27)
Trace|                    5 (28): 18 (12)
Trace|                    6 (30): 0 (00)
Trace|                    7 (38): 22 (16)
Trace|                    8 (40): 10 (0A)
Trace|                18 bytes
Trace|                2 (10): 77 (4D)
Trace|                3 (18): 21 (15)
Trace|            24 bytes
Trace|        50 bytes
Trace|    52 bytes
Trace|80 bytes
Trace|Parameter: 8
Trace|1 (0A):
Trace|    1 (0A):
Trace|        1 (08): 131 (83)
Trace|        2 (10): 8 (08)
Trace|    7 bytes
Trace|    2 (10): 78 (4E)
Trace|    3 (18): 79 (4F)
Trace|13 bytes
Trace|2 (12):
Trace|    1 (0A):
Trace|        1 (08): 117 (75)
Trace|        2 (10): 5 (05)
Trace|    6 bytes
Trace|    2 (10): 80 (50)
Trace|10 bytes
Trace|4 (22):
Trace|    1 (0A):
Trace|        1 (08): 117 (75)
Trace|        2 (10): 21 (15)
Trace|    6 bytes
Trace|    2 (10): 81 (51)
Trace|10 bytes
Trace|Parameter: 9
Trace|2 (12):
Trace|    1 (08): 161 (A1)
Trace|    2 (10): 5 (05)
Trace|    3 (18): 82 (52)
Trace|    4 (20): 6 (06)
Trace|11 bytes
Trace|Encoding offsets and lengths...
Trace|1 (0A):
Trace|    1 (08): 278 (116)
Trace|    2 (10): 88 (58)
Trace|7 bytes
Trace|2 (12):
Trace|    1 (08): 0 (00)
Trace|    2 (10): 8 (08)
Trace|6 bytes
Trace|3 (1A):
Trace|    1 (08): 8 (08)
Trace|    2 (10): 54 (36)
Trace|6 bytes
Trace|4 (22):
Trace|    1 (08): 62 (3E)
Trace|    2 (10): 42 (2A)
Trace|6 bytes
Trace|5 (2A):
Trace|    1 (08): 104 (68)
Trace|    2 (10): 38 (26)
Trace|6 bytes
Trace|6 (32):
Trace|    1 (08): 142 (8E)
Trace|    2 (10): 92 (5C)
Trace|7 bytes
Trace|8 (42):
Trace|    1 (08): 234 (EA)
Trace|    2 (10): 33 (21)
Trace|7 bytes
Trace|9 (4A):
Trace|    1 (08): 267 (10B)
Trace|    2 (10): 11 (0B)
Trace|7 bytes
Trace|Writing header...
Trace|Writing parameters offsets and lengths...
Trace|Writing parameters...
Trace|Writing images...
Trace|Image 0 offset is 0...
Debug|Encoding image 0...
Trace|Extracting palette...
Trace|Palette item 0: R 00, G 00, B 00
Trace|Palette item 1: R FF, G 00, B FF
Trace|Palette item 2: R FF, G FF, B FF
Trace|Palette item 3: R FF, G 00, B 00
Trace|Palette item 4: R FF, G FF, B 00
Trace|Writing image header...
Trace|Width: 176, Height: 176, RowLength: 88
Trace|BPP: 4, PaletteColors: 5, Transaparency: 0
Trace|Writing palette...
Trace|Writing image...
Trace|Image 1 offset is 15524...
Debug|Encoding image 1...
Trace|Extracting palette...
Trace|Palette item 0: R 00, G 00, B 00, Transaparent color
Trace|Palette item 1: R FF, G FF, B FF
Trace|Palette item 2: R FF, G FF, B FF
Trace|Writing image header...
Trace|Width: 36, Height: 65, RowLength: 9
Trace|BPP: 2, PaletteColors: 3, Transaparency: 1
Trace|Writing palette...
Trace|Writing image...
Trace|Image 2 offset is 16137...
Debug|Encoding image 2...
Trace|Extracting palette...
Trace|Palette item 0: R 00, G 00, B 00, Transaparent color
Trace|Palette item 1: R FF, G FF, B FF
Trace|Palette item 2: R FF, G FF, B FF
Trace|Writing image header...
Trace|Width: 36, Height: 65, RowLength: 9
Trace|BPP: 2, PaletteColors: 3, Transaparency: 1
Trace|Writing palette...
Trace|Writing image...
Trace|Image 3 offset is 16750...
Debug|Encoding image 3...
Trace|Extracting palette...
Trace|Palette item 0: R 00, G 00, B 00, Transaparent color
Trace|Palette item 1: R FF, G FF, B FF
Trace|Palette item 2: R FF, G FF, B FF
Trace|Writing image header...
Trace|Width: 36, Height: 65, RowLength: 9
Trace|BPP: 2, PaletteColors: 3, Transaparency: 1
Trace|Writing palette...
Trace|Writing image...
Trace|Image 4 offset is 17363...
Debug|Encoding image 4...
Trace|Extracting palette...
Trace|Palette item 0: R 00, G 00, B 00, Transaparent color
Trace|Palette item 1: R FF, G FF, B FF
Trace|Palette item 2: R FF, G FF, B FF
Trace|Writing image header...
Trace|Width: 36, Height: 65, RowLength: 9
Trace|BPP: 2, PaletteColors: 3, Transaparency: 1
Trace|Writing palette...
Trace|Writing image...
Trace|Image 5 offset is 17976...
Debug|Encoding image 5...
Trace|Extracting palette...
Trace|Palette item 0: R 00, G 00, B 00, Transaparent color
Trace|Palette item 1: R FF, G FF, B FF
Trace|Palette item 2: R FF, G FF, B FF
Trace|Writing image header...
Trace|Width: 36, Height: 65, RowLength: 9
Trace|BPP: 2, PaletteColors: 3, Transaparency: 1
Trace|Writing palette...
Trace|Writing image...
Trace|Image 6 offset is 18589...
Debug|Encoding image 6...
Trace|Extracting palette...
Trace|Palette item 0: R FF, G FF, B FF
Trace|Palette item 1: R 00, G 00, B 00, Transaparent color
Trace|Palette item 2: R FF, G FF, B FF
Trace|Writing image header...
Trace|Width: 36, Height: 65, RowLength: 9
Trace|BPP: 2, PaletteColors: 3, Transaparency: 1
Trace|Writing palette...
Trace|Writing image...
Trace|Image 7 offset is 19202...
Debug|Encoding image 7...
Trace|Extracting palette...
Trace|Palette item 0: R 00, G 00, B 00, Transaparent color
Trace|Palette item 1: R FF, G FF, B FF
Trace|Palette item 2: R FF, G FF, B FF
Trace|Writing image header...
Trace|Width: 36, Height: 65, RowLength: 9
Trace|BPP: 2, PaletteColors: 3, Transaparency: 1
Trace|Writing palette...
Trace|Writing image...
Trace|Image 8 offset is 19815...
Debug|Encoding image 8...
Trace|Extracting palette...
Trace|Palette item 0: R FF, G FF, B FF, Transaparent color
Trace|Palette item 1: R FF, G FF, B FF
Trace|Palette item 2: R 00, G 00, B 00
Trace|Writing image header...
Trace|Width: 36, Height: 65, RowLength: 9
Trace|BPP: 2, PaletteColors: 3, Transaparency: 1
Trace|Writing palette...
Trace|Writing image...
Trace|Image 9 offset is 20428...
Debug|Encoding image 9...
Trace|Extracting palette...
Trace|Palette item 0: R 00, G 00, B 00
Trace|Palette item 1: R FF, G FF, B FF
Trace|Writing image header...
Trace|Width: 36, Height: 65, RowLength: 5
Trace|BPP: 1, PaletteColors: 2, Transaparency: 0
Trace|Writing palette...
Trace|Writing image...
Trace|Image 10 offset is 20777...
Debug|Encoding image 10...
Trace|Extracting palette...
Trace|Palette item 0: R 00, G 00, B 00, Transaparent color
Trace|Palette item 1: R FF, G FF, B FF
Trace|Palette item 2: R FF, G FF, B FF
Trace|Writing image header...
Trace|Width: 36, Height: 65, RowLength: 9
Trace|BPP: 2, PaletteColors: 3, Transaparency: 1
Trace|Writing palette...
Trace|Writing image...
Trace|Image 11 offset is 21390...
Debug|Encoding image 11...
Trace|Extracting palette...
Trace|Palette item 0: R 00, G 00, B 00, Transaparent color
Trace|Palette item 1: R FF, G FF, B FF
Trace|Palette item 2: R FF, G FF, B FF
Trace|Writing image header...
Trace|Width: 24, Height: 38, RowLength: 6
Trace|BPP: 2, PaletteColors: 3, Transaparency: 1
Trace|Writing palette...
Trace|Writing image...
Trace|Image 12 offset is 21646...
Debug|Encoding image 12...
Trace|Extracting palette...
Trace|Palette item 0: R 00, G 00, B 00, Transaparent color
Trace|Palette item 1: R FF, G FF, B FF
Trace|Palette item 2: R FF, G FF, B FF
Trace|Writing image header...
Trace|Width: 24, Height: 38, RowLength: 6
Trace|BPP: 2, PaletteColors: 3, Transaparency: 1
Trace|Writing palette...
Trace|Writing image...
Trace|Image 13 offset is 21902...
Debug|Encoding image 13...
Trace|Extracting palette...
Trace|Palette item 0: R 00, G 00, B 00, Transaparent color
Trace|Palette item 1: R FF, G FF, B FF
Trace|Palette item 2: R FF, G FF, B FF
Trace|Writing image header...
Trace|Width: 24, Height: 38, RowLength: 6
Trace|BPP: 2, PaletteColors: 3, Transaparency: 1
Trace|Writing palette...
Trace|Writing image...
Trace|Image 14 offset is 22158...
Debug|Encoding image 14...
Trace|Extracting palette...
Trace|Palette item 0: R 00, G 00, B 00, Transaparent color
Trace|Palette item 1: R FF, G FF, B FF
Trace|Palette item 2: R FF, G FF, B FF
Trace|Writing image header...
Trace|Width: 24, Height: 38, RowLength: 6
Trace|BPP: 2, PaletteColors: 3, Transaparency: 1
Trace|Writing palette...
Trace|Writing image...
Trace|Image 15 offset is 22414...
Debug|Encoding image 15...
Trace|Extracting palette...
Trace|Palette item 0: R 00, G 00, B 00, Transaparent color
Trace|Palette item 1: R FF, G FF, B FF
Trace|Palette item 2: R FF, G FF, B FF
Trace|Writing image header...
Trace|Width: 24, Height: 38, RowLength: 6
Trace|BPP: 2, PaletteColors: 3, Transaparency: 1
Trace|Writing palette...
Trace|Writing image...
Trace|Image 16 offset is 22670...
Debug|Encoding image 16...
Trace|Extracting palette...
Trace|Palette item 0: R 00, G 00, B 00, Transaparent color
Trace|Palette item 1: R FF, G FF, B FF
Trace|Palette item 2: R FF, G FF, B FF
Trace|Writing image header...
Trace|Width: 24, Height: 38, RowLength: 6
Trace|BPP: 2, PaletteColors: 3, Transaparency: 1
Trace|Writing palette...
Trace|Writing image...
Trace|Image 17 offset is 22926...
Debug|Encoding image 17...
Trace|Extracting palette...
Trace|Palette item 0: R 00, G 00, B 00, Transaparent color
Trace|Palette item 1: R FF, G FF, B FF
Trace|Palette item 2: R FF, G FF, B FF
Trace|Writing image header...
Trace|Width: 24, Height: 38, RowLength: 6
Trace|BPP: 2, PaletteColors: 3, Transaparency: 1
Trace|Writing palette...
Trace|Writing image...
Trace|Image 18 offset is 23182...
Debug|Encoding image 18...
Trace|Extracting palette...
Trace|Palette item 0: R 00, G 00, B 00, Transaparent color
Trace|Palette item 1: R FF, G FF, B FF
Trace|Palette item 2: R FF, G FF, B FF
Trace|Writing image header...
Trace|Width: 24, Height: 38, RowLength: 6
Trace|BPP: 2, PaletteColors: 3, Transaparency: 1
Trace|Writing palette...
Trace|Writing image...
Trace|Image 19 offset is 23438...
Debug|Encoding image 19...
Trace|Extracting palette...
Trace|Palette item 0: R 00, G 00, B 00, Transaparent color
Trace|Palette item 1: R FF, G FF, B FF
Trace|Palette item 2: R FF, G FF, B FF
Trace|Writing image header...
Trace|Width: 24, Height: 38, RowLength: 6
Trace|BPP: 2, PaletteColors: 3, Transaparency: 1
Trace|Writing palette...
Trace|Writing image...
Trace|Image 20 offset is 23694...
Debug|Encoding image 20...
Trace|Extracting palette...
Trace|Palette item 0: R 00, G 00, B 00, Transaparent color
Trace|Palette item 1: R FF, G FF, B FF
Trace|Palette item 2: R FF, G FF, B FF
Trace|Writing image header...
Trace|Width: 24, Height: 38, RowLength: 6
Trace|BPP: 2, PaletteColors: 3, Transaparency: 1
Trace|Writing palette...
Trace|Writing image...
Trace|Image 21 offset is 23950...
Debug|Encoding image 21...
Trace|Extracting palette...
Trace|Palette item 0: R 00, G 00, B 00, Transaparent color
Trace|Writing image header...
Trace|Width: 2, Height: 2, RowLength: 1
Trace|BPP: 1, PaletteColors: 1, Transaparency: 1
Trace|Writing palette...
Trace|Writing image...
Trace|Image 22 offset is 23972...
Debug|Encoding image 22...
Trace|Extracting palette...
Trace|Palette item 0: R 00, G 00, B 00, Transaparent color
Trace|Palette item 1: R 00, G 00, B 00
Trace|Writing image header...
Trace|Width: 10, Height: 15, RowLength: 2
Trace|BPP: 1, PaletteColors: 2, Transaparency: 1
Trace|Writing palette...
Trace|Writing image...
Trace|Image 23 offset is 24026...
Debug|Encoding image 23...
Trace|Extracting palette...
Trace|Palette item 0: R 00, G 00, B 00, Transaparent color
Trace|Palette item 1: R 00, G 00, B 00
Trace|Writing image header...
Trace|Width: 10, Height: 15, RowLength: 2
Trace|BPP: 1, PaletteColors: 2, Transaparency: 1
Trace|Writing palette...
Trace|Writing image...
Trace|Image 24 offset is 24080...
Debug|Encoding image 24...
Trace|Extracting palette...
Trace|Palette item 0: R 00, G 00, B 00, Transaparent color
Trace|Palette item 1: R 00, G 00, B 00
Trace|Writing image header...
Trace|Width: 10, Height: 15, RowLength: 2
Trace|BPP: 1, PaletteColors: 2, Transaparency: 1
Trace|Writing palette...
Trace|Writing image...
Trace|Image 25 offset is 24134...
Debug|Encoding image 25...
Trace|Extracting palette...
Trace|Palette item 0: R 00, G 00, B 00, Transaparent color
Trace|Palette item 1: R 00, G 00, B 00
Trace|Writing image header...
Trace|Width: 10, Height: 15, RowLength: 2
Trace|BPP: 1, PaletteColors: 2, Transaparency: 1
Trace|Writing palette...
Trace|Writing image...
Trace|Image 26 offset is 24188...
Debug|Encoding image 26...
Trace|Extracting palette...
Trace|Palette item 0: R 00, G 00, B 00, Transaparent color
Trace|Palette item 1: R 00, G 00, B 00
Trace|Writing image header...
Trace|Width: 10, Height: 15, RowLength: 2
Trace|BPP: 1, PaletteColors: 2, Transaparency: 1
Trace|Writing palette...
Trace|Writing image...
Trace|Image 27 offset is 24242...
Debug|Encoding image 27...
Trace|Extracting palette...
Trace|Palette item 0: R 00, G 00, B 00, Transaparent color
Trace|Palette item 1: R 00, G 00, B 00
Trace|Writing image header...
Trace|Width: 10, Height: 15, RowLength: 2
Trace|BPP: 1, PaletteColors: 2, Transaparency: 1
Trace|Writing palette...
Trace|Writing image...
Trace|Image 28 offset is 24296...
Debug|Encoding image 28...
Trace|Extracting palette...
Trace|Palette item 0: R 00, G 00, B 00, Transaparent color
Trace|Palette item 1: R 00, G 00, B 00
Trace|Writing image header...
Trace|Width: 10, Height: 15, RowLength: 2
Trace|BPP: 1, PaletteColors: 2, Transaparency: 1
Trace|Writing palette...
Trace|Writing image...
Trace|Image 29 offset is 24350...
Debug|Encoding image 29...
Trace|Extracting palette...
Trace|Palette item 0: R 00, G 00, B 00, Transaparent color
Trace|Palette item 1: R 00, G 00, B 00
Trace|Writing image header...
Trace|Width: 10, Height: 15, RowLength: 2
Trace|BPP: 1, PaletteColors: 2, Transaparency: 1
Trace|Writing palette...
Trace|Writing image...
Trace|Image 30 offset is 24404...
Debug|Encoding image 30...
Trace|Extracting palette...
Trace|Palette item 0: R 00, G 00, B 00, Transaparent color
Trace|Palette item 1: R 00, G 00, B 00
Trace|Writing image header...
Trace|Width: 10, Height: 15, RowLength: 2
Trace|BPP: 1, PaletteColors: 2, Transaparency: 1
Trace|Writing palette...
Trace|Writing image...
Trace|Image 31 offset is 24458...
Debug|Encoding image 31...
Trace|Extracting palette...
Trace|Palette item 0: R 00, G 00, B 00, Transaparent color
Trace|Palette item 1: R 00, G 00, B 00
Trace|Writing image header...
Trace|Width: 10, Height: 15, RowLength: 2
Trace|BPP: 1, PaletteColors: 2, Transaparency: 1
Trace|Writing palette...
Trace|Writing image...
Trace|Image 32 offset is 24512...
Debug|Encoding image 32...
Trace|Extracting palette...
Trace|Palette item 0: R 00, G 00, B 00, Transaparent color
Trace|Palette item 1: R 00, G 00, B 00
Trace|Writing image header...
Trace|Width: 16, Height: 25, RowLength: 2
Trace|BPP: 1, PaletteColors: 2, Transaparency: 1
Trace|Writing palette...
Trace|Writing image...
Trace|Image 33 offset is 24586...
Debug|Encoding image 33...
Trace|Extracting palette...
Trace|Palette item 0: R 00, G 00, B 00, Transaparent color
Trace|Palette item 1: R 00, G 00, B 00
Trace|Writing image header...
Trace|Width: 16, Height: 25, RowLength: 2
Trace|BPP: 1, PaletteColors: 2, Transaparency: 1
Trace|Writing palette...
Trace|Writing image...
Trace|Image 34 offset is 24660...
Debug|Encoding image 34...
Trace|Extracting palette...
Trace|Palette item 0: R 00, G 00, B 00, Transaparent color
Trace|Palette item 1: R 00, G 00, B 00
Trace|Writing image header...
Trace|Width: 16, Height: 25, RowLength: 2
Trace|BPP: 1, PaletteColors: 2, Transaparency: 1
Trace|Writing palette...
Trace|Writing image...
Trace|Image 35 offset is 24734...
Debug|Encoding image 35...
Trace|Extracting palette...
Trace|Palette item 0: R 00, G 00, B 00, Transaparent color
Trace|Palette item 1: R 00, G 00, B 00
Trace|Writing image header...
Trace|Width: 16, Height: 25, RowLength: 2
Trace|BPP: 1, PaletteColors: 2, Transaparency: 1
Trace|Writing palette...
Trace|Writing image...
Trace|Image 36 offset is 24808...
Debug|Encoding image 36...
Trace|Extracting palette...
Trace|Palette item 0: R 00, G 00, B 00, Transaparent color
Trace|Palette item 1: R 00, G 00, B 00
Trace|Writing image header...
Trace|Width: 16, Height: 25, RowLength: 2
Trace|BPP: 1, PaletteColors: 2, Transaparency: 1
Trace|Writing palette...
Trace|Writing image...
Trace|Image 37 offset is 24882...
Debug|Encoding image 37...
Trace|Extracting palette...
Trace|Palette item 0: R 00, G 00, B 00, Transaparent color
Trace|Palette item 1: R 00, G 00, B 00
Trace|Writing image header...
Trace|Width: 16, Height: 25, RowLength: 2
Trace|BPP: 1, PaletteColors: 2, Transaparency: 1
Trace|Writing palette...
Trace|Writing image...
Trace|Image 38 offset is 24956...
Debug|Encoding image 38...
Trace|Extracting palette...
Trace|Palette item 0: R 00, G 00, B 00, Transaparent color
Trace|Palette item 1: R 00, G 00, B 00
Trace|Writing image header...
Trace|Width: 16, Height: 25, RowLength: 2
Trace|BPP: 1, PaletteColors: 2, Transaparency: 1
Trace|Writing palette...
Trace|Writing image...
Trace|Image 39 offset is 25030...
Debug|Encoding image 39...
Trace|Extracting palette...
Trace|Palette item 0: R 00, G 00, B 00, Transaparent color
Trace|Palette item 1: R 00, G 00, B 00
Trace|Writing image header...
Trace|Width: 16, Height: 25, RowLength: 2
Trace|BPP: 1, PaletteColors: 2, Transaparency: 1
Trace|Writing palette...
Trace|Writing image...
Trace|Image 40 offset is 25104...
Debug|Encoding image 40...
Trace|Extracting palette...
Trace|Palette item 0: R 00, G 00, B 00, Transaparent color
Trace|Palette item 1: R 00, G 00, B 00
Trace|Writing image header...
Trace|Width: 16, Height: 25, RowLength: 2
Trace|BPP: 1, PaletteColors: 2, Transaparency: 1
Trace|Writing palette...
Trace|Writing image...
Trace|Image 41 offset is 25178...
Debug|Encoding image 41...
Trace|Extracting palette...
Trace|Palette item 0: R 00, G 00, B 00, Transaparent color
Trace|Palette item 1: R 00, G 00, B 00
Trace|Writing image header...
Trace|Width: 16, Height: 25, RowLength: 2
Trace|BPP: 1, PaletteColors: 2, Transaparency: 1
Trace|Writing palette...
Trace|Writing image...
Trace|Image 42 offset is 25252...
Debug|Encoding image 42...
Trace|Extracting palette...
Trace|Palette item 0: R 00, G 00, B 00, Transaparent color
Trace|Palette item 1: R 00, G 00, B 00
Trace|Writing image header...
Trace|Width: 28, Height: 18, RowLength: 4
Trace|BPP: 1, PaletteColors: 2, Transaparency: 1
Trace|Writing palette...
Trace|Writing image...
Trace|Image 43 offset is 25348...
Debug|Encoding image 43...
Trace|Extracting palette...
Trace|Palette item 0: R 00, G 00, B 00, Transaparent color
Trace|Palette item 1: R 00, G 00, B 00
Trace|Writing image header...
Trace|Width: 23, Height: 18, RowLength: 3
Trace|BPP: 1, PaletteColors: 2, Transaparency: 1
Trace|Writing palette...
Trace|Writing image...
Trace|Image 44 offset is 25426...
Debug|Encoding image 44...
Trace|Extracting palette...
Trace|Palette item 0: R 00, G 00, B 00, Transaparent color
Trace|Palette item 1: R 00, G 00, B 00
Trace|Writing image header...
Trace|Width: 31, Height: 18, RowLength: 4
Trace|BPP: 1, PaletteColors: 2, Transaparency: 1
Trace|Writing palette...
Trace|Writing image...
Trace|Image 45 offset is 25522...
Debug|Encoding image 45...
Trace|Extracting palette...
Trace|Palette item 0: R 00, G 00, B 00, Transaparent color
Trace|Palette item 1: R 00, G 00, B 00
Trace|Writing image header...
Trace|Width: 24, Height: 18, RowLength: 3
Trace|BPP: 1, PaletteColors: 2, Transaparency: 1
Trace|Writing palette...
Trace|Writing image...
Trace|Image 46 offset is 25600...
Debug|Encoding image 46...
Trace|Extracting palette...
Trace|Palette item 0: R 00, G 00, B 00
Trace|Palette item 1: R 00, G 00, B 00, Transaparent color
Trace|Writing image header...
Trace|Width: 21, Height: 17, RowLength: 3
Trace|BPP: 1, PaletteColors: 2, Transaparency: 1
Trace|Writing palette...
Trace|Writing image...
Trace|Image 47 offset is 25675...
Debug|Encoding image 47...
Trace|Extracting palette...
Trace|Palette item 0: R 00, G 00, B 00, Transaparent color
Trace|Palette item 1: R 00, G 00, B 00
Trace|Writing image header...
Trace|Width: 25, Height: 17, RowLength: 4
Trace|BPP: 1, PaletteColors: 2, Transaparency: 1
Trace|Writing palette...
Trace|Writing image...
Trace|Image 48 offset is 25767...
Debug|Encoding image 48...
Trace|Extracting palette...
Trace|Palette item 0: R 00, G 00, B 00, Transaparent color
Trace|Palette item 1: R 00, G 00, B 00
Trace|Writing image header...
Trace|Width: 26, Height: 17, RowLength: 4
Trace|BPP: 1, PaletteColors: 2, Transaparency: 1
Trace|Writing palette...
Trace|Writing image...
Trace|Image 49 offset is 25859...
Debug|Encoding image 49...
Trace|Extracting palette...
Trace|Palette item 0: R 00, G 00, B 00, Transaparent color
Trace|Palette item 1: R 00, G 00, B 00
Trace|Palette item 2: R FF, G FF, B FF
Trace|Writing image header...
Trace|Width: 30, Height: 30, RowLength: 8
Trace|BPP: 2, PaletteColors: 3, Transaparency: 1
Trace|Writing palette...
Trace|Writing image...
Trace|Image 50 offset is 26127...
Debug|Encoding image 50...
Trace|Extracting palette...
Trace|Palette item 0: R 00, G 00, B 00, Transaparent color
Trace|Palette item 1: R FF, G FF, B 00
Trace|Palette item 2: R 00, G 00, B 00
Trace|Palette item 3: R FF, G FF, B FF
Trace|Writing image header...
Trace|Width: 30, Height: 30, RowLength: 8
Trace|BPP: 2, PaletteColors: 4, Transaparency: 1
Trace|Writing palette...
Trace|Writing image...
Trace|Image 51 offset is 26399...
Debug|Encoding image 51...
Trace|Extracting palette...
Trace|Palette item 0: R 00, G 00, B 00, Transaparent color
Trace|Palette item 1: R FF, G FF, B 00
Trace|Palette item 2: R 00, G 00, B 00
Trace|Palette item 3: R FF, G FF, B FF
Trace|Writing image header...
Trace|Width: 30, Height: 30, RowLength: 8
Trace|BPP: 2, PaletteColors: 4, Transaparency: 1
Trace|Writing palette...
Trace|Writing image...
Trace|Image 52 offset is 26671...
Debug|Encoding image 52...
Trace|Extracting palette...
Trace|Palette item 0: R 00, G 00, B 00, Transaparent color
Trace|Palette item 1: R FF, G FF, B 00
Trace|Palette item 2: R 00, G 00, B 00
Trace|Palette item 3: R FF, G FF, B FF
Trace|Writing image header...
Trace|Width: 30, Height: 30, RowLength: 8
Trace|BPP: 2, PaletteColors: 4, Transaparency: 1
Trace|Writing palette...
Trace|Writing image...
Trace|Image 53 offset is 26943...
Debug|Encoding image 53...
Trace|Extracting palette...
Trace|Palette item 0: R 00, G 00, B 00, Transaparent color
Trace|Palette item 1: R FF, G FF, B 00
Trace|Writing image header...
Trace|Width: 30, Height: 30, RowLength: 4
Trace|BPP: 1, PaletteColors: 2, Transaparency: 1
Trace|Writing palette...
Trace|Writing image...
Trace|Image 54 offset is 27087...
Debug|Encoding image 54...
Trace|Extracting palette...
Trace|Palette item 0: R 00, G 00, B 00, Transaparent color
Trace|Palette item 1: R 00, G 00, B 00
Trace|Palette item 2: R FF, G FF, B FF
Trace|Writing image header...
Trace|Width: 30, Height: 30, RowLength: 8
Trace|BPP: 2, PaletteColors: 3, Transaparency: 1
Trace|Writing palette...
Trace|Writing image...
Trace|Image 55 offset is 27355...
Debug|Encoding image 55...
Trace|Extracting palette...
Trace|Palette item 0: R 00, G 00, B 00, Transaparent color
Trace|Palette item 1: R 00, G 00, B 00
Trace|Palette item 2: R FF, G FF, B FF
Trace|Writing image header...
Trace|Width: 30, Height: 30, RowLength: 8
Trace|BPP: 2, PaletteColors: 3, Transaparency: 1
Trace|Writing palette...
Trace|Writing image...
Trace|Image 56 offset is 27623...
Debug|Encoding image 56...
Trace|Extracting palette...
Trace|Palette item 0: R 00, G 00, B 00, Transaparent color
Trace|Palette item 1: R 00, G 00, B 00
Trace|Palette item 2: R FF, G FF, B FF
Trace|Writing image header...
Trace|Width: 30, Height: 30, RowLength: 8
Trace|BPP: 2, PaletteColors: 3, Transaparency: 1
Trace|Writing palette...
Trace|Writing image...
Trace|Image 57 offset is 27891...
Debug|Encoding image 57...
Trace|Extracting palette...
Trace|Palette item 0: R 00, G 00, B 00, Transaparent color
Trace|Palette item 1: R 00, G 00, B 00
Trace|Palette item 2: R FF, G FF, B FF
Trace|Writing image header...
Trace|Width: 30, Height: 30, RowLength: 8
Trace|BPP: 2, PaletteColors: 3, Transaparency: 1
Trace|Writing palette...
Trace|Writing image...
Trace|Image 58 offset is 28159...
Debug|Encoding image 58...
Trace|Extracting palette...
Trace|Palette item 0: R 00, G 00, B 00, Transaparent color
Trace|Palette item 1: R 00, G 00, B 00
Trace|Palette item 2: R FF, G FF, B FF
Trace|Writing image header...
Trace|Width: 30, Height: 30, RowLength: 8
Trace|BPP: 2, PaletteColors: 3, Transaparency: 1
Trace|Writing palette...
Trace|Writing image...
Trace|Image 59 offset is 28427...
Debug|Encoding image 59...
Trace|Extracting palette...
Trace|Palette item 0: R 00, G 00, B 00, Transaparent color
Trace|Palette item 1: R 00, G 00, B 00
Trace|Palette item 2: R FF, G FF, B FF
Trace|Writing image header...
Trace|Width: 30, Height: 30, RowLength: 8
Trace|BPP: 2, PaletteColors: 3, Transaparency: 1
Trace|Writing palette...
Trace|Writing image...
Trace|Image 60 offset is 28695...
Debug|Encoding image 60...
Trace|Extracting palette...
Trace|Palette item 0: R 00, G 00, B 00, Transaparent color
Trace|Palette item 1: R 00, G 00, B 00
Trace|Palette item 2: R FF, G FF, B FF
Trace|Writing image header...
Trace|Width: 30, Height: 30, RowLength: 8
Trace|BPP: 2, PaletteColors: 3, Transaparency: 1
Trace|Writing palette...
Trace|Writing image...
Trace|Image 61 offset is 28963...
Debug|Encoding image 61...
Trace|Extracting palette...
Trace|Palette item 0: R 00, G 00, B 00, Transaparent color
Trace|Palette item 1: R FF, G FF, B 00
Trace|Writing image header...
Trace|Width: 30, Height: 30, RowLength: 4
Trace|BPP: 1, PaletteColors: 2, Transaparency: 1
Trace|Writing palette...
Trace|Writing image...
Trace|Image 62 offset is 29107...
Debug|Encoding image 62...
Trace|Extracting palette...
Trace|Palette item 0: R 00, G 00, B 00, Transaparent color
Trace|Palette item 1: R 00, G 00, B 00
Trace|Palette item 2: R FF, G FF, B FF
Trace|Writing image header...
Trace|Width: 30, Height: 30, RowLength: 8
Trace|BPP: 2, PaletteColors: 3, Transaparency: 1
Trace|Writing palette...
Trace|Writing image...
Trace|Image 63 offset is 29375...
Debug|Encoding image 63...
Trace|Extracting palette...
Trace|Palette item 0: R 00, G 00, B 00, Transaparent color
Trace|Palette item 1: R 00, G 00, B 00
Trace|Palette item 2: R FF, G FF, B FF
Trace|Writing image header...
Trace|Width: 30, Height: 30, RowLength: 8
Trace|BPP: 2, PaletteColors: 3, Transaparency: 1
Trace|Writing palette...
Trace|Writing image...
Trace|Image 64 offset is 29643...
Debug|Encoding image 64...
Trace|Extracting palette...
Trace|Palette item 0: R 00, G 00, B 00, Transaparent color
Trace|Palette item 1: R FF, G FF, B 00
Trace|Writing image header...
Trace|Width: 30, Height: 30, RowLength: 4
Trace|BPP: 1, PaletteColors: 2, Transaparency: 1
Trace|Writing palette...
Trace|Writing image...
Trace|Image 65 offset is 29787...
Debug|Encoding image 65...
Trace|Extracting palette...
Trace|Palette item 0: R 00, G 00, B 00, Transaparent color
Trace|Palette item 1: R 00, G 00, B 00
Trace|Palette item 2: R FF, G FF, B FF
Trace|Palette item 3: R FF, G FF, B 00
Trace|Writing image header...
Trace|Width: 30, Height: 30, RowLength: 8
Trace|BPP: 2, PaletteColors: 4, Transaparency: 1
Trace|Writing palette...
Trace|Writing image...
Trace|Image 66 offset is 30059...
Debug|Encoding image 66...
Trace|Extracting palette...
Trace|Palette item 0: R 00, G 00, B 00, Transaparent color
Trace|Palette item 1: R 00, G 00, B 00
Trace|Palette item 2: R FF, G FF, B FF
Trace|Writing image header...
Trace|Width: 30, Height: 30, RowLength: 8
Trace|BPP: 2, PaletteColors: 3, Transaparency: 1
Trace|Writing palette...
Trace|Writing image...
Trace|Image 67 offset is 30327...
Debug|Encoding image 67...
Trace|Extracting palette...
Trace|Palette item 0: R 00, G 00, B 00, Transaparent color
Trace|Palette item 1: R FF, G FF, B 00
Trace|Writing image header...
Trace|Width: 30, Height: 30, RowLength: 4
Trace|BPP: 1, PaletteColors: 2, Transaparency: 1
Trace|Writing palette...
Trace|Writing image...
Trace|Image 68 offset is 30471...
Debug|Encoding image 68...
Trace|Extracting palette...
Trace|Palette item 0: R 00, G 00, B 00, Transaparent color
Trace|Palette item 1: R 00, G 00, B 00
Trace|Palette item 2: R FF, G FF, B FF
Trace|Writing image header...
Trace|Width: 30, Height: 30, RowLength: 8
Trace|BPP: 2, PaletteColors: 3, Transaparency: 1
Trace|Writing palette...
Trace|Writing image...
Trace|Image 69 offset is 30739...
Debug|Encoding image 69...
Trace|Extracting palette...
Trace|Palette item 0: R 00, G 00, B 00, Transaparent color
Trace|Palette item 1: R 00, G 00, B 00
Trace|Palette item 2: R FF, G FF, B FF
Trace|Palette item 3: R 00, G 00, B FF
Trace|Palette item 4: R 00, G FF, B FF
Trace|Writing image header...
Trace|Width: 30, Height: 30, RowLength: 15
Trace|BPP: 4, PaletteColors: 5, Transaparency: 1
Trace|Writing palette...
Trace|Writing image...
Trace|Image 70 offset is 31225...
Debug|Encoding image 70...
Trace|Extracting palette...
Trace|Palette item 0: R 00, G 00, B 00, Transaparent color
Trace|Palette item 1: R 00, G 00, B 00
Trace|Palette item 2: R FF, G FF, B FF
Trace|Palette item 3: R FF, G FF, B 00
Trace|Palette item 4: R 00, G FF, B FF
Trace|Palette item 5: R 00, G 00, B FF
Trace|Writing image header...
Trace|Width: 30, Height: 30, RowLength: 15
Trace|BPP: 4, PaletteColors: 6, Transaparency: 1
Trace|Writing palette...
Trace|Writing image...
Trace|Image 71 offset is 31715...
Debug|Encoding image 71...
Trace|Extracting palette...
Trace|Palette item 0: R 00, G 00, B 00, Transaparent color
Trace|Palette item 1: R 00, G 00, B 00
Trace|Palette item 2: R FF, G FF, B FF
Trace|Writing image header...
Trace|Width: 30, Height: 30, RowLength: 8
Trace|BPP: 2, PaletteColors: 3, Transaparency: 1
Trace|Writing palette...
Trace|Writing image...
Trace|Image 72 offset is 31983...
Debug|Encoding image 72...
Trace|Extracting palette...
Trace|Palette item 0: R 00, G 00, B 00, Transaparent color
Trace|Palette item 1: R FF, G FF, B 00
Trace|Writing image header...
Trace|Width: 30, Height: 30, RowLength: 4
Trace|BPP: 1, PaletteColors: 2, Transaparency: 1
Trace|Writing palette...
Trace|Writing image...
Trace|Image 73 offset is 32127...
Debug|Encoding image 73...
Trace|Extracting palette...
Trace|Palette item 0: R 00, G 00, B 00, Transaparent color
Trace|Palette item 1: R FF, G FF, B 00
Trace|Writing image header...
Trace|Width: 30, Height: 30, RowLength: 4
Trace|BPP: 1, PaletteColors: 2, Transaparency: 1
Trace|Writing palette...
Trace|Writing image...
Trace|Image 74 offset is 32271...
Debug|Encoding image 74...
Trace|Extracting palette...
Trace|Palette item 0: R 00, G 00, B 00, Transaparent color
Trace|Palette item 1: R 00, G 00, B 00
Trace|Palette item 2: R FF, G FF, B FF
Trace|Writing image header...
Trace|Width: 30, Height: 30, RowLength: 8
Trace|BPP: 2, PaletteColors: 3, Transaparency: 1
Trace|Writing palette...
Trace|Writing image...
Trace|Image 75 offset is 32539...
Debug|Encoding image 75...
Trace|Extracting palette...
Trace|Palette item 0: R 00, G 00, B 00, Transaparent color
Trace|Palette item 1: R 00, G 00, B 00
Trace|Writing image header...
Trace|Width: 7, Height: 24, RowLength: 1
Trace|BPP: 1, PaletteColors: 2, Transaparency: 1
Trace|Writing palette...
Trace|Writing image...
Trace|Image 76 offset is 32587...
Debug|Encoding image 76...
Trace|Extracting palette...
Trace|Palette item 0: R 00, G 00, B 00, Transaparent color
Trace|Palette item 1: R 00, G 00, B 00
Trace|Writing image header...
Trace|Width: 9, Height: 24, RowLength: 2
Trace|BPP: 1, PaletteColors: 2, Transaparency: 1
Trace|Writing palette...
Trace|Writing image...
Trace|Image 77 offset is 32659...
Debug|Encoding image 77...
Trace|Extracting palette...
Trace|Palette item 0: R 00, G 00, B 00, Transaparent color
Trace|Palette item 1: R 00, G 00, B 00
Trace|Writing image header...
Trace|Width: 6, Height: 15, RowLength: 1
Trace|BPP: 1, PaletteColors: 2, Transaparency: 1
Trace|Writing palette...
Trace|Writing image...
Trace|Image 78 offset is 32698...
Debug|Encoding image 78...
Trace|Extracting palette...
Trace|Palette item 0: R 00, G 00, B 00, Transaparent color
Trace|Palette item 1: R 00, G 00, B 00
Trace|Writing image header...
Trace|Width: 11, Height: 21, RowLength: 2
Trace|BPP: 1, PaletteColors: 2, Transaparency: 1
Trace|Writing palette...
Trace|Writing image...
Trace|Image 79 offset is 32764...
Debug|Encoding image 79...
Trace|Extracting palette...
Trace|Palette item 0: R 00, G 00, B 00, Transaparent color
Trace|Palette item 1: R 00, G 00, B 00
Trace|Writing image header...
Trace|Width: 11, Height: 21, RowLength: 2
Trace|BPP: 1, PaletteColors: 2, Transaparency: 1
Trace|Writing palette...
Trace|Writing image...
Trace|Image 80 offset is 32830...
Debug|Encoding image 80...
Trace|Extracting palette...
Trace|Palette item 0: R 00, G 00, B 00, Transaparent color
Trace|Palette item 1: R 00, G 00, B 00
Trace|Writing image header...
Trace|Width: 10, Height: 11, RowLength: 2
Trace|BPP: 1, PaletteColors: 2, Transaparency: 1
Trace|Writing palette...
Trace|Writing image...
Trace|Image 81 offset is 32876...
Debug|Encoding image 81...
Trace|Extracting palette...
Trace|Palette item 0: R 00, G 00, B 00, Transaparent color
Trace|Palette item 1: R 00, G 00, B 00
Trace|Writing image header...
Trace|Width: 9, Height: 11, RowLength: 2
Trace|BPP: 1, PaletteColors: 2, Transaparency: 1
Trace|Writing palette...
Trace|Writing image...
Trace|Image 82 offset is 32922...
Debug|Encoding image 82...
Trace|Extracting palette...
Trace|Palette item 0: R 00, G 00, B 00, Transaparent color
Trace|Palette item 1: R FF, G FF, B FF
Trace|Palette item 2: R 00, G 00, B 00
Trace|Writing image header...
Trace|Width: 10, Height: 20, RowLength: 3
Trace|BPP: 2, PaletteColors: 3, Transaparency: 1
Trace|Writing palette...
Trace|Writing image...
Trace|Image 83 offset is 33010...
Debug|Encoding image 83...
Trace|Extracting palette...
Trace|Palette item 0: R 00, G 00, B 00, Transaparent color
Trace|Palette item 1: R FF, G FF, B FF
Trace|Palette item 2: R 00, G 00, B 00
Trace|Palette item 3: R FF, G 00, B FF
Trace|Writing image header...
Trace|Width: 10, Height: 20, RowLength: 3
Trace|BPP: 2, PaletteColors: 4, Transaparency: 1
Trace|Writing palette...
Trace|Writing image...
Trace|Image 84 offset is 33102...
Debug|Encoding image 84...
Trace|Extracting palette...
Trace|Palette item 0: R 00, G 00, B 00, Transaparent color
Trace|Palette item 1: R FF, G FF, B FF
Trace|Palette item 2: R 00, G 00, B 00
Trace|Palette item 3: R FF, G 00, B FF
Trace|Writing image header...
Trace|Width: 10, Height: 20, RowLength: 3
Trace|BPP: 2, PaletteColors: 4, Transaparency: 1
Trace|Writing palette...
Trace|Writing image...
Trace|Image 85 offset is 33194...
Debug|Encoding image 85...
Trace|Extracting palette...
Trace|Palette item 0: R FF, G 00, B FF, Transaparent color
Trace|Palette item 1: R 00, G 00, B 00
Trace|Palette item 2: R FF, G FF, B FF
Trace|Palette item 3: R 00, G 00, B 00
Trace|Palette item 4: R FF, G 00, B FF
Trace|Writing image header...
Trace|Width: 10, Height: 20, RowLength: 5
Trace|BPP: 4, PaletteColors: 5, Transaparency: 1
Trace|Writing palette...
Trace|Writing image...
Trace|Image 86 offset is 33330...
Debug|Encoding image 86...
Trace|Extracting palette...
Trace|Palette item 0: R FF, G 00, B FF, Transaparent color
Trace|Palette item 1: R 00, G 00, B 00
Trace|Palette item 2: R FF, G FF, B FF
Trace|Palette item 3: R 00, G 00, B 00
Trace|Palette item 4: R FF, G 00, B FF
Trace|Writing image header...
Trace|Width: 10, Height: 20, RowLength: 5
Trace|BPP: 4, PaletteColors: 5, Transaparency: 1
Trace|Writing palette...
Trace|Writing image...
Trace|Image 87 offset is 33466...
Debug|Encoding image 87...
Trace|Extracting palette...
Trace|Palette item 0: R FF, G 00, B FF, Transaparent color
Trace|Palette item 1: R 00, G 00, B 00
Trace|Palette item 2: R FF, G FF, B FF
Trace|Palette item 3: R 00, G 00, B 00
Trace|Palette item 4: R FF, G 00, B FF
Trace|Writing image header...
Trace|Width: 10, Height: 20, RowLength: 5
Trace|BPP: 4, PaletteColors: 5, Transaparency: 1
Trace|Writing palette...
Trace|Writing image...
Trace|Writing images offsets table
Debug|Writing images
